<?xml version="1.0" encoding="UTF-8"?>
<!-- Generated by org.testng.reporters.JUnitReportReporter -->
<testsuite skipped="0" hostname="InnovationM-117" name="restassured.Test_Post" tests="3" failures="0" timestamp="2020-06-25T17:32:05 IST" time="4.257" errors="0">
  <testcase name="test_post3" time="3.730" classname="restassured.Test_Post"/>
  <testcase name="test_post3" time="0.265" classname="restassured.Test_Post"/>
  <testcase name="test_post3" time="0.262" classname="restassured.Test_Post"/>
</testsuite> <!-- restassured.Test_Post -->
