<?xml version="1.0" encoding="UTF-8"?>
<!-- Generated by org.testng.reporters.JUnitReportReporter -->
<testsuite skipped="0" hostname="InnovationM-117" name="restassured.Test_Get" tests="1" failures="0" timestamp="2020-09-10T18:06:11 IST" time="30.360" errors="0">
  <testcase name="test2" time="30.360" classname="restassured.Test_Get"/>
</testsuite> <!-- restassured.Test_Get -->
