<?xml version="1.0" encoding="UTF-8"?>
<!-- Generated by org.testng.reporters.JUnitReportReporter -->
<testsuite skipped="0" hostname="InnovationM-117" name="restassured.add_occupant" tests="1" failures="0" timestamp="2021-05-10T15:44:54 IST" time="10.301" errors="0">
  <testcase name="addinput" time="10.301" classname="restassured.add_occupant"/>
</testsuite> <!-- restassured.add_occupant -->
