<?xml version="1.0" encoding="UTF-8"?>
<!-- Generated by org.testng.reporters.JUnitReportReporter -->
<testsuite skipped="0" hostname="InnovationM-117" name="restassured.get_feeds" tests="1" failures="0" timestamp="2020-10-09T18:36:14 IST" time="8.315" errors="0">
  <testcase name="test2" time="8.315" classname="restassured.get_feeds"/>
</testsuite> <!-- restassured.get_feeds -->
