<?xml version="1.0" encoding="UTF-8"?>
<!-- Generated by org.testng.reporters.JUnitReportReporter -->
<testsuite skipped="0" hostname="InnovationM-117" name="restassured.test_post_02" tests="3" failures="0" timestamp="2020-06-25T17:46:39 IST" time="4.713" errors="0">
  <testcase name="test_post3" time="4.199" classname="restassured.test_post_02"/>
  <testcase name="test_post3" time="0.247" classname="restassured.test_post_02"/>
  <testcase name="test_post3" time="0.267" classname="restassured.test_post_02"/>
</testsuite> <!-- restassured.test_post_02 -->
