<?xml version="1.0" encoding="UTF-8"?>
<!-- Generated by org.testng.reporters.JUnitReportReporter -->
<testsuite skipped="0" hostname="InnovationM-117" name="restassured.add_occupant" tests="1" failures="0" timestamp="2020-09-18T13:22:03 IST" time="17.321" errors="0">
  <testcase name="addinput" time="17.321" classname="restassured.add_occupant"/>
</testsuite> <!-- restassured.add_occupant -->
